<?xml version="1.0" encoding="UTF-8"?>
<!-- Generated by org.testng.reporters.JUnitReportReporter -->
<testsuite skipped="0" hostname="LAPTOP-8VD92J7H" name="testdemo.TestNG_Demo.TestDemo" tests="1" failures="0" timestamp="1 Dec 2020 19:08:59 GMT" time="9.489" errors="0">
  <testcase name="testA" time="9.489" classname="testdemo.TestNG_Demo.TestDemo"/>
</testsuite> <!-- testdemo.TestNG_Demo.TestDemo -->
